stuidiao_55mun/arstudio/55MainActivity/build/outputs/logs/manifest-merger-release-report.txt
-- Merging decision tree log ---
manifest
ADDED from Example for Android studio\55MainActivity\AndroidManifest.xml:2:1-634:12
	xmlns:android
		ADDED from Example for Android studio\55MainActivity\AndroidManifest.xml:2:11-69
	package
		ADDED from Example for Android studio\55MainActivity\AndroidManifest.xml:3:5-29
	android:versionName
		ADDED from Example for Android studio\55MainActivity\AndroidManifest.xml:5:5-45
		INJECTED from Example for Android studio\55MainActivity\AndroidManifest.xml
		INJECTED from Example for Android studio\55MainActivity\AndroidManifest.xml
	android:versionCode
		ADDED from Example for Android studio\55MainActivity\AndroidManifest.xml:4:5-29
		INJECTED from Example for Android studio\55MainActivity\AndroidManifest.xml
		INJECTED from Example for Android studio\55MainActivity\AndroidManifest.xml
uses-sdk
ADDED from Example for Android studio\55MainActivity\AndroidManifest.xml:6:5-8:41
	android:targetSdkVersion
		ADDED from Example for Android studio\55MainActivity\AndroidManifest.xml:8:9-38
	android:minSdkVersion
		ADDED from Example for Android studio\55MainActivity\AndroidManifest.xml:7:9-35
application
ADDED from Example for Android studio\55MainActivity\AndroidManifest.xml:9:5-589:19
	android:supportsRtl
		ADDED from Example for Android studio\55MainActivity\AndroidManifest.xml:14:9-35
	android:label
		ADDED from Example for Android studio\55MainActivity\AndroidManifest.xml:13:9-41
	android:allowBackup
		ADDED from Example for Android studio\55MainActivity\AndroidManifest.xml:11:9-35
	android:icon
		ADDED from Example for Android studio\55MainActivity\AndroidManifest.xml:12:9-40
	android:theme
		ADDED from Example for Android studio\55MainActivity\AndroidManifest.xml:15:9-40
	android:name
		ADDED from Example for Android studio\55MainActivity\AndroidManifest.xml:10:9-38
activity#com.byt.market.activity.HomeActivity
ADDED from Example for Android studio\55MainActivity\AndroidManifest.xml:16:9-20:20
	android:screenOrientation
		ADDED from Example for Android studio\55MainActivity\AndroidManifest.xml:19:13-49
	android:label
		ADDED from Example for Android studio\55MainActivity\AndroidManifest.xml:18:13-45
	android:name
		ADDED from Example for Android studio\55MainActivity\AndroidManifest.xml:17:13-50
activity#com.byt.market.activity.MainActivity
ADDED from Example for Android studio\55MainActivity\AndroidManifest.xml:21:9-33:20
	android:screenOrientation
		ADDED from Example for Android studio\55MainActivity\AndroidManifest.xml:25:13-49
	android:label
		ADDED from Example for Android studio\55MainActivity\AndroidManifest.xml:23:13-45
	android:name
		ADDED from Example for Android studio\55MainActivity\AndroidManifest.xml:22:13-50
intent-filter#android.intent.action.MAIN+android.intent.category.DEFAULT+android.intent.category.LAUNCHER+com.byt.market.main
ADDED from Example for Android studio\55MainActivity\AndroidManifest.xml:27:13-32:29
action#com.byt.market.main
ADDED from Example for Android studio\55MainActivity\AndroidManifest.xml:28:17-62
	android:name
		ADDED from Example for Android studio\55MainActivity\AndroidManifest.xml:28:25-59
action#android.intent.action.MAIN
ADDED from Example for Android studio\55MainActivity\AndroidManifest.xml:29:17-69
	android:name
		ADDED from Example for Android studio\55MainActivity\AndroidManifest.xml:29:25-66
category#android.intent.category.LAUNCHER
ADDED from Example for Android studio\55MainActivity\AndroidManifest.xml:30:17-77
	android:name
		ADDED from Example for Android studio\55MainActivity\AndroidManifest.xml:30:27-74
category#android.intent.category.DEFAULT
ADDED from Example for Android studio\55MainActivity\AndroidManifest.xml:31:17-76
	android:name
		ADDED from Example for Android studio\55MainActivity\AndroidManifest.xml:31:27-73
activity#com.byt.market.activity.SettingsActivity
ADDED from Example for Android studio\55MainActivity\AndroidManifest.xml:34:9-37:20
	android:screenOrientation
		ADDED from Example for Android studio\55MainActivity\AndroidManifest.xml:36:13-49
	android:name
		ADDED from Example for Android studio\55MainActivity\AndroidManifest.xml:35:13-54
activity#com.byt.market.qiushibaike.PlayGifActivity
ADDED from Example for Android studio\55MainActivity\AndroidManifest.xml:38:9-43:20
	android:screenOrientation
		ADDED from Example for Android studio\55MainActivity\AndroidManifest.xml:40:13-49
	android:theme
		ADDED from Example for Android studio\55MainActivity\AndroidManifest.xml:41:13-54
	android:name
		ADDED from Example for Android studio\55MainActivity\AndroidManifest.xml:39:13-56
activity#com.byt.market.activity.SplashRecommendActivity
ADDED from Example for Android studio\55MainActivity\AndroidManifest.xml:44:9-49:20
	android:screenOrientation
		ADDED from Example for Android studio\55MainActivity\AndroidManifest.xml:47:13-49
	android:theme
		ADDED from Example for Android studio\55MainActivity\AndroidManifest.xml:48:13-47
	android:name
		ADDED from Example for Android studio\55MainActivity\AndroidManifest.xml:45:13-61
	android:launchMode
		ADDED from Example for Android studio\55MainActivity\AndroidManifest.xml:46:13-44
activity#com.byt.market.activity.SubCommentFrame
ADDED from Example for Android studio\55MainActivity\AndroidManifest.xml:50:9-54:20
	android:screenOrientation
		ADDED from Example for Android studio\55MainActivity\AndroidManifest.xml:52:13-49
	android:theme
		ADDED from Example for Android studio\55MainActivity\AndroidManifest.xml:53:13-53
	android:name
		ADDED from Example for Android studio\55MainActivity\AndroidManifest.xml:51:13-53
activity#com.byt.market.activity.ShareTextActivity
ADDED from Example for Android studio\55MainActivity\AndroidManifest.xml:55:9-60:20
	android:screenOrientation
		ADDED from Example for Android studio\55MainActivity\AndroidManifest.xml:57:13-49
	android:theme
		ADDED from Example for Android studio\55MainActivity\AndroidManifest.xml:58:13-49
	android:name
		ADDED from Example for Android studio\55MainActivity\AndroidManifest.xml:56:13-55
activity#com.byt.market.activity.SharePageActivity
ADDED from Example for Android studio\55MainActivity\AndroidManifest.xml:61:9-65:20
	android:screenOrientation
		ADDED from Example for Android studio\55MainActivity\AndroidManifest.xml:63:13-49
	android:name
		ADDED from Example for Android studio\55MainActivity\AndroidManifest.xml:62:13-69
activity#com.byt.market.activity.PushMessageFrame
ADDED from Example for Android studio\55MainActivity\AndroidManifest.xml:66:9-69:20
	android:screenOrientation
		ADDED from Example for Android studio\55MainActivity\AndroidManifest.xml:68:13-49
	android:name
		ADDED from Example for Android studio\55MainActivity\AndroidManifest.xml:67:13-54
activity#com.byt.market.activity.ProtocolActivity
ADDED from Example for Android studio\55MainActivity\AndroidManifest.xml:71:9-74:20
	android:screenOrientation
		ADDED from Example for Android studio\55MainActivity\AndroidManifest.xml:73:13-49
	android:name
		ADDED from Example for Android studio\55MainActivity\AndroidManifest.xml:72:13-54
activity#com.byt.market.activity.HtmlTVpalyActivity
ADDED from Example for Android studio\55MainActivity\AndroidManifest.xml:77:9-85:20
	android:configChanges
		ADDED from Example for Android studio\55MainActivity\AndroidManifest.xml:80:13-74
	android:hardwareAccelerated
		ADDED from Example for Android studio\55MainActivity\AndroidManifest.xml:79:13-47
	android:name
		ADDED from Example for Android studio\55MainActivity\AndroidManifest.xml:78:13-70
intent-filter#android.intent.category.LAUNCHER
ADDED from Example for Android studio\55MainActivity\AndroidManifest.xml:82:13-84:29
activity#com.byt.market.activity.SoftwareUninstallActivity
ADDED from Example for Android studio\55MainActivity\AndroidManifest.xml:86:9-89:20
	android:screenOrientation
		ADDED from Example for Android studio\55MainActivity\AndroidManifest.xml:88:13-49
	android:name
		ADDED from Example for Android studio\55MainActivity\AndroidManifest.xml:87:13-63
activity#com.byt.market.mediaplayer.MusicDownLoadManageActivity
ADDED from Example for Android studio\55MainActivity\AndroidManifest.xml:90:9-95:20
	android:screenOrientation
		ADDED from Example for Android studio\55MainActivity\AndroidManifest.xml:92:13-49
	android:name
		ADDED from Example for Android studio\55MainActivity\AndroidManifest.xml:91:13-68
	android:launchMode
		ADDED from Example for Android studio\55MainActivity\AndroidManifest.xml:93:13-44
activity#com.byt.market.mediaplayer.voiced.VoicedDownLoadManageActivity
ADDED from Example for Android studio\55MainActivity\AndroidManifest.xml:97:9-102:20
	android:screenOrientation
		ADDED from Example for Android studio\55MainActivity\AndroidManifest.xml:99:13-49
	android:name
		ADDED from Example for Android studio\55MainActivity\AndroidManifest.xml:98:13-90
	android:launchMode
		ADDED from Example for Android studio\55MainActivity\AndroidManifest.xml:100:13-44
activity#com.byt.market.activity.ShareActivity
ADDED from Example for Android studio\55MainActivity\AndroidManifest.xml:103:9-109:20
	android:screenOrientation
		ADDED from Example for Android studio\55MainActivity\AndroidManifest.xml:105:13-49
	android:theme
		ADDED from Example for Android studio\55MainActivity\AndroidManifest.xml:106:13-49
	android:name
		ADDED from Example for Android studio\55MainActivity\AndroidManifest.xml:104:13-51
activity#com.byt.market.mediaplayer.music.NewRingActivity
ADDED from Example for Android studio\55MainActivity\AndroidManifest.xml:110:9-116:20
	android:screenOrientation
		ADDED from Example for Android studio\55MainActivity\AndroidManifest.xml:112:13-49
	android:name
		ADDED from Example for Android studio\55MainActivity\AndroidManifest.xml:111:13-76
	android:launchMode
		ADDED from Example for Android studio\55MainActivity\AndroidManifest.xml:113:13-44
activity#com.byt.market.mediaplayer.ShareFacebookActivity
ADDED from Example for Android studio\55MainActivity\AndroidManifest.xml:117:9-123:20
	android:screenOrientation
		ADDED from Example for Android studio\55MainActivity\AndroidManifest.xml:119:13-49
	android:name
		ADDED from Example for Android studio\55MainActivity\AndroidManifest.xml:118:13-62
	android:launchMode
		ADDED from Example for Android studio\55MainActivity\AndroidManifest.xml:120:13-44
activity#com.byt.market.mediaplayer.ShareMusicActivity
ADDED from Example for Android studio\55MainActivity\AndroidManifest.xml:124:9-130:20
	android:screenOrientation
		ADDED from Example for Android studio\55MainActivity\AndroidManifest.xml:126:13-49
	android:theme
		ADDED from Example for Android studio\55MainActivity\AndroidManifest.xml:127:13-49
	android:name
		ADDED from Example for Android studio\55MainActivity\AndroidManifest.xml:125:13-59
activity#com.byt.market.mediaplayer.VideoActivity
ADDED from Example for Android studio\55MainActivity\AndroidManifest.xml:131:9-134:15
	android:screenOrientation
		ADDED from Example for Android studio\55MainActivity\AndroidManifest.xml:133:13-49
	android:name
		ADDED from Example for Android studio\55MainActivity\AndroidManifest.xml:132:13-54
activity#com.byt.market.activity.ShowLevelActivity
ADDED from Example for Android studio\55MainActivity\AndroidManifest.xml:135:9-139:20
	android:screenOrientation
		ADDED from Example for Android studio\55MainActivity\AndroidManifest.xml:137:13-49
	android:name
		ADDED from Example for Android studio\55MainActivity\AndroidManifest.xml:136:13-55
activity#com.byt.market.activity.DetailFrame2
ADDED from Example for Android studio\55MainActivity\AndroidManifest.xml:140:9-147:20
	android:screenOrientation
		ADDED from Example for Android studio\55MainActivity\AndroidManifest.xml:142:13-49
	android:name
		ADDED from Example for Android studio\55MainActivity\AndroidManifest.xml:141:13-50
intent-filter#android.intent.category.DEFAULT+com.byt.market.detail
ADDED from Example for Android studio\55MainActivity\AndroidManifest.xml:143:13-146:29
action#com.byt.market.detail
ADDED from Example for Android studio\55MainActivity\AndroidManifest.xml:144:17-64
	android:name
		ADDED from Example for Android studio\55MainActivity\AndroidManifest.xml:144:25-61
activity#com.byt.market.mediaplayer.music.NewMusicListInfoFrame
ADDED from Example for Android studio\55MainActivity\AndroidManifest.xml:148:9-157:20
	android:screenOrientation
		ADDED from Example for Android studio\55MainActivity\AndroidManifest.xml:150:13-49
	android:name
		ADDED from Example for Android studio\55MainActivity\AndroidManifest.xml:149:13-82
intent-filter#android.intent.category.DEFAULT+com.byt.market.musiclist
ADDED from Example for Android studio\55MainActivity\AndroidManifest.xml:152:13-156:29
action#com.byt.market.musiclist
ADDED from Example for Android studio\55MainActivity\AndroidManifest.xml:153:17-67
	android:name
		ADDED from Example for Android studio\55MainActivity\AndroidManifest.xml:153:25-64
activity#com.byt.market.mediaplayer.tv.NewTVListInfoFrame
ADDED from Example for Android studio\55MainActivity\AndroidManifest.xml:158:9-167:20
	android:screenOrientation
		ADDED from Example for Android studio\55MainActivity\AndroidManifest.xml:160:13-49
	android:name
		ADDED from Example for Android studio\55MainActivity\AndroidManifest.xml:159:13-76
intent-filter#android.intent.category.DEFAULT+com.byt.market.tvlist
ADDED from Example for Android studio\55MainActivity\AndroidManifest.xml:162:13-166:29
action#com.byt.market.tvlist
ADDED from Example for Android studio\55MainActivity\AndroidManifest.xml:163:17-64
	android:name
		ADDED from Example for Android studio\55MainActivity\AndroidManifest.xml:163:25-61
activity#com.byt.market.mediaplayer.voiced.NewVoicedListInfoFrame
ADDED from Example for Android studio\55MainActivity\AndroidManifest.xml:169:9-178:20
	android:screenOrientation
		ADDED from Example for Android studio\55MainActivity\AndroidManifest.xml:171:13-49
	android:name
		ADDED from Example for Android studio\55MainActivity\AndroidManifest.xml:170:13-84
intent-filter#android.intent.category.DEFAULT+com.byt.market.novellist
ADDED from Example for Android studio\55MainActivity\AndroidManifest.xml:173:13-177:29
action#com.byt.market.novellist
ADDED from Example for Android studio\55MainActivity\AndroidManifest.xml:174:17-67
	android:name
		ADDED from Example for Android studio\55MainActivity\AndroidManifest.xml:174:25-64
activity#com.byt.market.mediaplayer.nover.NewNovelListInfoFrame
ADDED from Example for Android studio\55MainActivity\AndroidManifest.xml:180:9-188:20
	android:screenOrientation
		ADDED from Example for Android studio\55MainActivity\AndroidManifest.xml:182:13-49
	android:name
		ADDED from Example for Android studio\55MainActivity\AndroidManifest.xml:181:13-82
intent-filter#android.intent.category.DEFAULT+com.byt.market.ridiaollist
ADDED from Example for Android studio\55MainActivity\AndroidManifest.xml:184:13-187:29
action#com.byt.market.ridiaollist
ADDED from Example for Android studio\55MainActivity\AndroidManifest.xml:185:17-68
	android:name
		ADDED from Example for Android studio\55MainActivity\AndroidManifest.xml:185:25-66
activity#com.byt.market.activity.ListInfoFrame
ADDED from Example for Android studio\55MainActivity\AndroidManifest.xml:190:9-198:20
	android:screenOrientation
		ADDED from Example for Android studio\55MainActivity\AndroidManifest.xml:192:13-49
	android:name
		ADDED from Example for Android studio\55MainActivity\AndroidManifest.xml:191:13-51
intent-filter#android.intent.category.DEFAULT+com.byt.market.list
ADDED from Example for Android studio\55MainActivity\AndroidManifest.xml:193:13-197:29
action#com.byt.market.list
ADDED from Example for Android studio\55MainActivity\AndroidManifest.xml:194:17-62
	android:name
		ADDED from Example for Android studio\55MainActivity\AndroidManifest.xml:194:25-59
activity#com.byt.market.activity.BScreenFrame
ADDED from Example for Android studio\55MainActivity\AndroidManifest.xml:199:9-208:20
	android:screenOrientation
		ADDED from Example for Android studio\55MainActivity\AndroidManifest.xml:201:13-49
	android:theme
		ADDED from Example for Android studio\55MainActivity\AndroidManifest.xml:202:13-66
	android:name
		ADDED from Example for Android studio\55MainActivity\AndroidManifest.xml:200:13-50
intent-filter#android.intent.category.DEFAULT+com.byt.market.bscreen
ADDED from Example for Android studio\55MainActivity\AndroidManifest.xml:203:13-207:29
action#com.byt.market.bscreen
ADDED from Example for Android studio\55MainActivity\AndroidManifest.xml:204:17-65
	android:name
		ADDED from Example for Android studio\55MainActivity\AndroidManifest.xml:204:25-62
activity#com.byt.market.mediaplayer.ui.AVListInfoFrame
ADDED from Example for Android studio\55MainActivity\AndroidManifest.xml:209:9-218:20
	android:screenOrientation
		ADDED from Example for Android studio\55MainActivity\AndroidManifest.xml:211:13-49
	android:theme
		ADDED from Example for Android studio\55MainActivity\AndroidManifest.xml:212:13-66
	android:name
		ADDED from Example for Android studio\55MainActivity\AndroidManifest.xml:210:13-73
intent-filter#android.intent.category.DEFAULT+com.byt.market.avlist
ADDED from Example for Android studio\55MainActivity\AndroidManifest.xml:213:13-217:29
action#com.byt.market.avlist
ADDED from Example for Android studio\55MainActivity\AndroidManifest.xml:214:17-64
	android:name
		ADDED from Example for Android studio\55MainActivity\AndroidManifest.xml:214:25-61
activity#com.byt.market.activity.UserActivity
ADDED from Example for Android studio\55MainActivity\AndroidManifest.xml:219:9-222:20
	android:screenOrientation
		ADDED from Example for Android studio\55MainActivity\AndroidManifest.xml:221:13-49
	android:name
		ADDED from Example for Android studio\55MainActivity\AndroidManifest.xml:220:13-64
activity#com.byt.market.activity.FeedBackActivity
ADDED from Example for Android studio\55MainActivity\AndroidManifest.xml:223:9-226:20
	android:screenOrientation
		ADDED from Example for Android studio\55MainActivity\AndroidManifest.xml:225:13-49
	android:name
		ADDED from Example for Android studio\55MainActivity\AndroidManifest.xml:224:13-68
activity#com.byt.market.activity.AboutActivity
ADDED from Example for Android studio\55MainActivity\AndroidManifest.xml:227:9-230:20
	android:screenOrientation
		ADDED from Example for Android studio\55MainActivity\AndroidManifest.xml:229:13-49
	android:name
		ADDED from Example for Android studio\55MainActivity\AndroidManifest.xml:228:13-65
activity#com.byt.market.activity.GameListUpdateFrame
ADDED from Example for Android studio\55MainActivity\AndroidManifest.xml:231:9-234:20
	android:screenOrientation
		ADDED from Example for Android studio\55MainActivity\AndroidManifest.xml:233:13-49
	android:name
		ADDED from Example for Android studio\55MainActivity\AndroidManifest.xml:232:13-71
activity#com.byt.market.mediaplayer.voiced.VoicedActivity
ADDED from Example for Android studio\55MainActivity\AndroidManifest.xml:235:9-238:20
	android:screenOrientation
		ADDED from Example for Android studio\55MainActivity\AndroidManifest.xml:237:13-49
	android:name
		ADDED from Example for Android studio\55MainActivity\AndroidManifest.xml:236:13-76
activity#com.byt.market.activity.GuideActivity
ADDED from Example for Android studio\55MainActivity\AndroidManifest.xml:240:9-243:20
	android:screenOrientation
		ADDED from Example for Android studio\55MainActivity\AndroidManifest.xml:242:13-49
	android:name
		ADDED from Example for Android studio\55MainActivity\AndroidManifest.xml:241:13-65
activity#com.byt.market.mediaplayer.animtion.AnimtionActivity
ADDED from Example for Android studio\55MainActivity\AndroidManifest.xml:244:9-247:20
	android:screenOrientation
		ADDED from Example for Android studio\55MainActivity\AndroidManifest.xml:246:13-49
	android:name
		ADDED from Example for Android studio\55MainActivity\AndroidManifest.xml:245:13-80
activity#com.byt.market.mediaplayer.nover.NovelActivity
ADDED from Example for Android studio\55MainActivity\AndroidManifest.xml:248:9-251:20
	android:screenOrientation
		ADDED from Example for Android studio\55MainActivity\AndroidManifest.xml:250:13-49
	android:name
		ADDED from Example for Android studio\55MainActivity\AndroidManifest.xml:249:13-74
activity#com.byt.market.mediaplayer.PlayActivity
ADDED from Example for Android studio\55MainActivity\AndroidManifest.xml:252:9-256:20
	android:configChanges
		ADDED from Example for Android studio\55MainActivity\AndroidManifest.xml:254:13-63
	android:name
		ADDED from Example for Android studio\55MainActivity\AndroidManifest.xml:253:13-67
activity#com.byt.market.mediaplayer.show.ShowActivity
ADDED from Example for Android studio\55MainActivity\AndroidManifest.xml:257:9-260:20
	android:screenOrientation
		ADDED from Example for Android studio\55MainActivity\AndroidManifest.xml:259:13-49
	android:name
		ADDED from Example for Android studio\55MainActivity\AndroidManifest.xml:258:13-72
activity#com.byt.market.mediaplayer.VideoDetailActivity
ADDED from Example for Android studio\55MainActivity\AndroidManifest.xml:261:9-264:20
	android:screenOrientation
		ADDED from Example for Android studio\55MainActivity\AndroidManifest.xml:263:13-49
	android:name
		ADDED from Example for Android studio\55MainActivity\AndroidManifest.xml:262:13-74
service#com.byt.market.mediaplayer.service.PlayDownloadService
ADDED from Example for Android studio\55MainActivity\AndroidManifest.xml:265:9-266:19
	android:name
		ADDED from Example for Android studio\55MainActivity\AndroidManifest.xml:265:18-87
activity#com.byt.market.mediaplayer.voiced.Read
ADDED from Example for Android studio\55MainActivity\AndroidManifest.xml:267:9-272:20
	android:screenOrientation
		ADDED from Example for Android studio\55MainActivity\AndroidManifest.xml:270:13-49
	android:configChanges
		ADDED from Example for Android studio\55MainActivity\AndroidManifest.xml:269:13-63
	android:name
		ADDED from Example for Android studio\55MainActivity\AndroidManifest.xml:268:13-66
activity#com.byt.market.mediaplayer.MV.MVActivity
ADDED from Example for Android studio\55MainActivity\AndroidManifest.xml:273:9-276:20
	android:screenOrientation
		ADDED from Example for Android studio\55MainActivity\AndroidManifest.xml:275:13-49
	android:name
		ADDED from Example for Android studio\55MainActivity\AndroidManifest.xml:274:13-68
activity#com.byt.market.activity.JokeDetailsWebViewActivity
ADDED from Example for Android studio\55MainActivity\AndroidManifest.xml:278:9-281:20
	android:screenOrientation
		ADDED from Example for Android studio\55MainActivity\AndroidManifest.xml:280:13-49
	android:name
		ADDED from Example for Android studio\55MainActivity\AndroidManifest.xml:279:13-78
activity#com.byt.market.activity.JoySkillListFrame
ADDED from Example for Android studio\55MainActivity\AndroidManifest.xml:282:9-291:20
	android:screenOrientation
		ADDED from Example for Android studio\55MainActivity\AndroidManifest.xml:284:13-49
	android:theme
		ADDED from Example for Android studio\55MainActivity\AndroidManifest.xml:285:13-66
	android:name
		ADDED from Example for Android studio\55MainActivity\AndroidManifest.xml:283:13-69
intent-filter#android.intent.category.DEFAULT+com.byt.market.joyskill
ADDED from Example for Android studio\55MainActivity\AndroidManifest.xml:286:13-290:29
action#com.byt.market.joyskill
ADDED from Example for Android studio\55MainActivity\AndroidManifest.xml:287:17-66
	android:name
		ADDED from Example for Android studio\55MainActivity\AndroidManifest.xml:287:25-63
activity#com.byt.market.activity.GameSearchFrame
ADDED from Example for Android studio\55MainActivity\AndroidManifest.xml:292:9-301:20
	android:screenOrientation
		ADDED from Example for Android studio\55MainActivity\AndroidManifest.xml:294:13-49
	android:theme
		ADDED from Example for Android studio\55MainActivity\AndroidManifest.xml:295:13-66
	android:name
		ADDED from Example for Android studio\55MainActivity\AndroidManifest.xml:293:13-53
intent-filter#android.intent.category.DEFAULT+com.byt.market.search
ADDED from Example for Android studio\55MainActivity\AndroidManifest.xml:296:13-300:29
action#com.byt.market.search
ADDED from Example for Android studio\55MainActivity\AndroidManifest.xml:297:17-64
	android:name
		ADDED from Example for Android studio\55MainActivity\AndroidManifest.xml:297:25-61
activity#com.byt.market.activity.DownLoadManageActivity
ADDED from Example for Android studio\55MainActivity\AndroidManifest.xml:302:9-307:20
	android:screenOrientation
		ADDED from Example for Android studio\55MainActivity\AndroidManifest.xml:305:13-49
	android:theme
		ADDED from Example for Android studio\55MainActivity\AndroidManifest.xml:306:13-66
	android:name
		ADDED from Example for Android studio\55MainActivity\AndroidManifest.xml:303:13-60
	android:launchMode
		ADDED from Example for Android studio\55MainActivity\AndroidManifest.xml:304:13-43
activity#com.byt.market.activity.MyFaviorateActivity
ADDED from Example for Android studio\55MainActivity\AndroidManifest.xml:308:9-312:20
	android:screenOrientation
		ADDED from Example for Android studio\55MainActivity\AndroidManifest.xml:310:13-49
	android:theme
		ADDED from Example for Android studio\55MainActivity\AndroidManifest.xml:311:13-66
	android:name
		ADDED from Example for Android studio\55MainActivity\AndroidManifest.xml:309:13-57
activity#com.byt.market.activity.PayWebviewActivity
ADDED from Example for Android studio\55MainActivity\AndroidManifest.xml:314:9-78
	android:name
		ADDED from Example for Android studio\55MainActivity\AndroidManifest.xml:314:19-76
activity#com.byt.market.activity.ApkUninstallActivity
ADDED from Example for Android studio\55MainActivity\AndroidManifest.xml:315:9-318:62
	android:theme
		ADDED from Example for Android studio\55MainActivity\AndroidManifest.xml:318:13-59
	android:excludeFromRecents
		ADDED from Example for Android studio\55MainActivity\AndroidManifest.xml:317:13-46
	android:name
		ADDED from Example for Android studio\55MainActivity\AndroidManifest.xml:316:13-72
activity#com.byt.market.activity.RetrievePasswordActivity
ADDED from Example for Android studio\55MainActivity\AndroidManifest.xml:319:9-71
	android:name
		ADDED from Example for Android studio\55MainActivity\AndroidManifest.xml:319:19-68
activity#com.byt.market.qiushibaike.news.NewsActivity
ADDED from Example for Android studio\55MainActivity\AndroidManifest.xml:322:9-324:15
	android:screenOrientation
		ADDED from Example for Android studio\55MainActivity\AndroidManifest.xml:323:13-49
	android:name
		ADDED from Example for Android studio\55MainActivity\AndroidManifest.xml:322:19-78
activity#com.byt.market.qiushibaike.JokeActivity
ADDED from Example for Android studio\55MainActivity\AndroidManifest.xml:326:9-328:15
	android:screenOrientation
		ADDED from Example for Android studio\55MainActivity\AndroidManifest.xml:327:13-49
	android:name
		ADDED from Example for Android studio\55MainActivity\AndroidManifest.xml:326:19-73
activity#com.byt.market.activity.CateMainFragmentActivity
ADDED from Example for Android studio\55MainActivity\AndroidManifest.xml:330:9-332:15
	android:screenOrientation
		ADDED from Example for Android studio\55MainActivity\AndroidManifest.xml:331:13-49
	android:name
		ADDED from Example for Android studio\55MainActivity\AndroidManifest.xml:330:19-82
activity#com.byt.market.activity.RankMainFragmentActivity
ADDED from Example for Android studio\55MainActivity\AndroidManifest.xml:334:9-336:15
	android:screenOrientation
		ADDED from Example for Android studio\55MainActivity\AndroidManifest.xml:335:13-49
	android:name
		ADDED from Example for Android studio\55MainActivity\AndroidManifest.xml:334:19-82
activity#com.byt.market.qiushibaike.JokeDetailsActivity
ADDED from Example for Android studio\55MainActivity\AndroidManifest.xml:337:9-344:20
	android:screenOrientation
		ADDED from Example for Android studio\55MainActivity\AndroidManifest.xml:339:13-49
	android:name
		ADDED from Example for Android studio\55MainActivity\AndroidManifest.xml:338:13-74
intent-filter#android.intent.category.DEFAULT+com.byt.market.jokedetail
ADDED from Example for Android studio\55MainActivity\AndroidManifest.xml:340:13-343:29
action#com.byt.market.jokedetail
ADDED from Example for Android studio\55MainActivity\AndroidManifest.xml:341:17-68
	android:name
		ADDED from Example for Android studio\55MainActivity\AndroidManifest.xml:341:25-65
activity#com.byt.market.qiushibaike.news.JokeDetailsActivity2
ADDED from Example for Android studio\55MainActivity\AndroidManifest.xml:347:9-354:20
	android:screenOrientation
		ADDED from Example for Android studio\55MainActivity\AndroidManifest.xml:349:13-49
	android:name
		ADDED from Example for Android studio\55MainActivity\AndroidManifest.xml:348:13-80
intent-filter#android.intent.category.DEFAULT+com.byt.market.jokedetail2
ADDED from Example for Android studio\55MainActivity\AndroidManifest.xml:350:13-353:29
action#com.byt.market.jokedetail2
ADDED from Example for Android studio\55MainActivity\AndroidManifest.xml:351:17-69
	android:name
		ADDED from Example for Android studio\55MainActivity\AndroidManifest.xml:351:25-66
activity#com.byt.market.qiushibaike.JokeCommentActivity
ADDED from Example for Android studio\55MainActivity\AndroidManifest.xml:357:9-82
	android:name
		ADDED from Example for Android studio\55MainActivity\AndroidManifest.xml:357:19-80
activity#com.byt.market.mediaplayer.music.PlayMusicActivity
ADDED from Example for Android studio\55MainActivity\AndroidManifest.xml:359:9-361:46
	android:screenOrientation
		ADDED from Example for Android studio\55MainActivity\AndroidManifest.xml:360:13-49
	android:name
		ADDED from Example for Android studio\55MainActivity\AndroidManifest.xml:359:19-84
	android:launchMode
		ADDED from Example for Android studio\55MainActivity\AndroidManifest.xml:361:13-44
activity#com.byt.market.activity.ProuthouseActivity
ADDED from Example for Android studio\55MainActivity\AndroidManifest.xml:363:9-370:20
	android:theme